
> react-typescript-starter@0.1.0 test
> react-scripts test --coverage

FAIL src/Fish.test.tsx
  ● Test suite failed to run

    TestingLibraryElementError: Unable to find an element by: [data-testid="tank"]

    Ignored nodes: comments, script, style
    [36m<body />[39m

       9 | import { Fish } from "./Fish";
      10 |
    > 11 | const TANKS = screen.getAllByTestId("tank");
         |                      ^
      12 |
      13 | describe("Testing if Fishdom is rendering", () => {
      14 |     const getFishdom = observe(() => {

      at Object.getElementError (node_modules/@testing-library/dom/dist/config.js:40:19)
      at node_modules/@testing-library/dom/dist/query-helpers.js:90:38
      at getAllByTestId (node_modules/@testing-library/dom/dist/query-helpers.js:130:15)
      at Object.<anonymous> (src/Fish.test.tsx:11:22)
      at TestScheduler.scheduleTests (node_modules/@jest/core/build/TestScheduler.js:333:13)
      at runJest (node_modules/@jest/core/build/runJest.js:404:19)
      at _run10000 (node_modules/@jest/core/build/cli/index.js:320:7)
      at runCLI (node_modules/@jest/core/build/cli/index.js:173:3)

--------------------|---------|----------|---------|---------|-------------------
File                | % Stmts | % Branch | % Funcs | % Lines | Uncovered Line #s 
--------------------|---------|----------|---------|---------|-------------------
All files           |       0 |        0 |       0 |       0 |                   
 src                |       0 |        0 |       0 |       0 |                   
  Board.tsx         |       0 |      100 |       0 |       0 | 4-107             
  Container.tsx     |       0 |        0 |       0 |       0 | 33-377            
  Example.tsx       |       0 |      100 |       0 |       0 | 23-40             
  Fish.tsx          |       0 |        0 |       0 |       0 | 7-60              
  ItemTypes.ts      |       0 |      100 |     100 |       0 | 1                 
  Menu.tsx          |       0 |        0 |       0 |       0 | 14-148            
  MenuFish.tsx      |       0 |        0 |       0 |       0 | 19-45             
  NumSquareForm.tsx |       0 |      100 |       0 |       0 | 5-28              
  Overlay.tsx       |       0 |      100 |       0 |       0 | 8-9               
  Popup.tsx         |       0 |      100 |       0 |       0 | 10-11             
  Square.tsx        |       0 |        0 |       0 |       0 | 10-27             
  TankEdit.tsx      |       0 |      100 |       0 |       0 | 16-87             
  constants.ts      |       0 |      100 |     100 |       0 | 1                 
  declarations.d.ts |       0 |        0 |       0 |       0 |                   
  filterButton.tsx  |       0 |      100 |       0 |       0 | 9                 
  game.ts           |       0 |        0 |       0 |       0 | 3-26              
  interfaces.tsx    |       0 |        0 |       0 |       0 |                   
  sortButton.tsx    |       0 |      100 |       0 |       0 | 9                 
 src/interfaces     |       0 |      100 |       0 |       0 |                   
  Fish.ts           |       0 |        0 |       0 |       0 |                   
  Tank.ts           |       0 |        0 |       0 |       0 |                   
  fishpics.ts       |       0 |      100 |       0 |       0 | 3-365             
--------------------|---------|----------|---------|---------|-------------------
Test Suites: 1 failed, 1 total
Tests:       0 total
Snapshots:   0 total
Time:        3.774 s
Ran all test suites.
